#
# There is insufficient memory for the Java Runtime Environment to continue.
# Native memory allocation (malloc) failed to allocate 32744 bytes for ChunkPool::allocate
# Possible reasons:
#   The system is out of physical RAM or swap space
#   In 32 bit mode, the process size limit was hit
# Possible solutions:
#   Reduce memory load on the system
#   Increase physical memory or swap space
#   Check if swap backing store is full
#   Use 64 bit Java on a 64 bit OS
#   Decrease Java heap size (-Xmx/-Xms)
#   Decrease number of Java threads
#   Decrease Java thread stack sizes (-Xss)
#   Set larger code cache with -XX:ReservedCodeCacheSize=
# This output file may be truncated or incomplete.
#
#  Out of Memory Error (allocation.cpp:271), pid=72712, tid=18316
#
# JRE version: Java(TM) SE Runtime Environment (8.0-b119) (build 1.8.0-ea-b119)
# Java VM: Java HotSpot(TM) 64-Bit Server VM (25.0-b61 mixed mode windows-amd64 compressed oops)
# Failed to write core dump. Minidumps are not enabled by default on client versions of Windows
#

---------------  T H R E A D  ---------------

Current thread (0x000000001dcc4000):  JavaThread "C1 CompilerThread3" daemon [_thread_in_native, id=18316, stack(0x000000001e590000,0x000000001e690000)]

Stack: [0x000000001e590000,0x000000001e690000]
Native frames: (J=compiled Java code, j=interpreted, Vv=VM code, C=native code)
V  [jvm.dll+0x3088ca]


Current CompileTask:
C1:     67   37   !   3       java.io.BufferedReader::readLine (304 bytes)


---------------  P R O C E S S  ---------------

Java Threads: ( => current thread )
  0x000000001dd3e000 JavaThread "Service Thread" daemon [_thread_blocked, id=62900, stack(0x000000001e690000,0x000000001e790000)]
=>0x000000001dcc4000 JavaThread "C1 CompilerThread3" daemon [_thread_in_native, id=18316, stack(0x000000001e590000,0x000000001e690000)]
  0x000000001dcc1000 JavaThread "C2 CompilerThread2" daemon [_thread_blocked, id=65776, stack(0x000000001e490000,0x000000001e590000)]
  0x000000001dcb9800 JavaThread "C2 CompilerThread1" daemon [_thread_blocked, id=82812, stack(0x000000001e390000,0x000000001e490000)]
  0x000000001dcb4800 JavaThread "C2 CompilerThread0" daemon [_thread_blocked, id=84704, stack(0x000000001e290000,0x000000001e390000)]
  0x000000001bcae000 JavaThread "Attach Listener" daemon [_thread_blocked, id=54212, stack(0x000000001e190000,0x000000001e290000)]
  0x000000001bcad000 JavaThread "Signal Dispatcher" daemon [_thread_blocked, id=17760, stack(0x000000001e090000,0x000000001e190000)]
  0x0000000002154000 JavaThread "Finalizer" daemon [_thread_blocked, id=58180, stack(0x000000001db90000,0x000000001dc90000)]
  0x000000001bc9c000 JavaThread "Reference Handler" daemon [_thread_blocked, id=42756, stack(0x000000001da90000,0x000000001db90000)]
  0x00000000021de800 JavaThread "main" [_thread_in_vm, id=84280, stack(0x0000000001f30000,0x0000000002030000)]

Other Threads:
  0x000000001bc98000 VMThread [stack: 0x000000001d990000,0x000000001da90000] [id=77548]
  0x000000001dd4c000 WatcherThread [stack: 0x000000001e790000,0x000000001e890000] [id=89600]

VM state:not at safepoint (normal execution)

VM Mutex/Monitor currently owned by a thread:  ([mutex/lock_event])
[0x00000000021db9c0] SymbolTable_lock - owner thread: 0x0000000000000000

Heap:
 PSYoungGen      total 1024K, used 679K [0x000000076ae00000, 0x000000076af80000, 0x00000007c0000000)
  eden space 512K, 35% used [0x000000076ae00000,0x000000076ae2dcd0,0x000000076ae80000)
  from space 512K, 96% used [0x000000076ae80000,0x000000076aefc010,0x000000076af00000)
  to   space 512K, 0% used [0x000000076af00000,0x000000076af00000,0x000000076af80000)
 ParOldGen       total 260608K, used 24K [0x00000006c0a00000, 0x00000006d0880000, 0x000000076ae00000)
  object space 260608K, 0% used [0x00000006c0a00000,0x00000006c0a06000,0x00000006d0880000)
 Metaspace       used 2562K, capacity 4480K, committed 4480K, reserved 1056768K
  class space    used 289K, capacity 384K, committed 384K, reserved 1048576K

Card table byte_map: [0x00000000115a0000,0x0000000011da0000] byte_map_base: 0x000000000df9b000

Marking Bits: (ParMarkBitMap*) 0x000000005e971370
 Begin Bits: [0x0000000012b00000, 0x0000000016ad8000)
 End Bits:   [0x0000000016ad8000, 0x000000001aab0000)

Polling page: 0x00000000006a0000

CodeCache: size=245760Kb used=1137Kb max_used=1148Kb free=244622Kb
 bounds [0x00000000021e0000, 0x0000000002450000, 0x00000000111e0000]
 total_blobs=269 nmethods=34 adapters=149
 compilation: enabled

Compilation events (10 events):
Event: 0.060 Thread 0x000000001dcc4000   30       3       java.io.DataInputStream::readByte (23 bytes)
Event: 0.060 Thread 0x000000001dcc4000 nmethod 30 0x00000000022f9150 code [0x00000000022f92e0, 0x00000000022f95b8]
Event: 0.060 Thread 0x000000001dcc4000   31       3       java.util.zip.CRC32::update (16 bytes)
Event: 0.061 Thread 0x000000001dcc4000 nmethod 31 0x00000000022f9ad0 code [0x00000000022f9c20, 0x00000000022f9db0]
Event: 0.061 Thread 0x000000001dcc4000   32       3       sun.util.calendar.ZoneInfoFile$Checksum::update (39 bytes)
Event: 0.061 Thread 0x000000001dcc4000 nmethod 32 0x00000000022f9e50 code [0x00000000022f9fc0, 0x00000000022fa250]
Event: 0.062 Thread 0x000000001dcc4000   34       3       java.util.HashMap::putVal (300 bytes)
Event: 0.063 Thread 0x000000001dcc1000   36       4       java.lang.String::equals (81 bytes)
Event: 0.063 Thread 0x000000001dcc4000 nmethod 34 0x00000000022fa310 code [0x00000000022fa580, 0x00000000022fb858]
Event: 0.063 Thread 0x000000001dcc4000   37   !   3       java.io.BufferedReader::readLine (304 bytes)

GC Heap History (2 events):
Event: 0.057 GC heap before
{Heap before GC invocations=1 (full 0):
 PSYoungGen      total 1024K, used 512K [0x000000076ae00000, 0x000000076af80000, 0x00000007c0000000)
  eden space 512K, 100% used [0x000000076ae00000,0x000000076ae80000,0x000000076ae80000)
  from space 512K, 0% used [0x000000076af00000,0x000000076af00000,0x000000076af80000)
  to   space 512K, 0% used [0x000000076ae80000,0x000000076ae80000,0x000000076af00000)
 ParOldGen       total 260608K, used 0K [0x00000006c0a00000, 0x00000006d0880000, 0x000000076ae00000)
  object space 260608K, 0% used [0x00000006c0a00000,0x00000006c0a00000,0x00000006d0880000)
 Metaspace       used 2427K, capacity 4480K, committed 4480K, reserved 1056768K
  class space    used 272K, capacity 384K, committed 384K, reserved 1048576K
Event: 0.058 GC heap after
Heap after GC invocations=1 (full 0):
 PSYoungGen      total 1024K, used 496K [0x000000076ae00000, 0x000000076af80000, 0x00000007c0000000)
  eden space 512K, 0% used [0x000000076ae00000,0x000000076ae00000,0x000000076ae80000)
  from space 512K, 96% used [0x000000076ae80000,0x000000076aefc010,0x000000076af00000)
  to   space 512K, 0% used [0x000000076af00000,0x000000076af00000,0x000000076af80000)
 ParOldGen       total 260608K, used 24K [0x00000006c0a00000, 0x00000006d0880000, 0x000000076ae00000)
  object space 260608K, 0% used [0x00000006c0a00000,0x00000006c0a06000,0x00000006d0880000)
 Metaspace       used 2427K, capacity 4480K, committed 4480K, reserved 1056768K
  class space    used 272K, capacity 384K, committed 384K, reserved 1048576K
}

Deoptimization events (0 events):
No events

Internal exceptions (2 events):
Event: 0.021 Thread 0x00000000021de800 Exception <a 'java/lang/NoSuchMethodError': Method sun.misc.Unsafe.defineClass(Ljava/lang/String;[BII)Ljava/lang/Class; name or signature does not match> (0x000000076ae0e9a8) thrown at [D:\re\workspace\8-2-build-windows-amd64-cygwin\jdk8\923\hotspot\src\sh£Ò‹O/¿•?
Event: 0.021 Thread 0x00000000021de800 Exception <a 'java/lang/NoSuchMethodError': Method sun.misc.Unsafe.prefetchRead(Ljava/lang/Object;J)V name or signature does not match> (0x000000076ae0ec38) thrown at [D:\re\workspace\8-2-build-windows-amd64-cygwin\jdk8\923\hotspot\src\share\vm\prims\jni.c

Events (10 events):
Event: 0.061 loading class java/util/jar/JarEntry done
Event: 0.061 loading class java/util/jar/JarFile$JarFileEntry done
Event: 0.061 loading class java/util/zip/ZipFile$ZipFileInputStream
Event: 0.061 loading class java/util/zip/ZipFile$ZipFileInputStream done
Event: 0.062 loading class java/util/LinkedList
Event: 0.062 loading class java/util/AbstractSequentialList
Event: 0.062 loading class java/util/AbstractSequentialList done
Event: 0.062 loading class java/util/LinkedList done
Event: 0.062 loading class java/util/LinkedList$Node
Event: 0.062 loading class java/util/LinkedList$Node done


Dynamic libraries:
0x00007ff7496c0000 - 0x00007ff7496f4000 	C:\Program Files\Java\jre8\bin\javaw.exe
0x00007ff8bb150000 - 0x00007ff8bb2f9000 	C:\WINDOWS\SYSTEM32\ntdll.dll
0x00007ff8b95a0000 - 0x00007ff8b96d9000 	C:\WINDOWS\system32\KERNEL32.DLL
0x00007ff8b8780000 - 0x00007ff8b888e000 	C:\WINDOWS\system32\KERNELBASE.dll
0x00007ff8b7030000 - 0x00007ff8b70bb000 	C:\WINDOWS\system32\apphelp.dll
0x00007ff8adb60000 - 0x00007ff8adbaf000 	C:\WINDOWS\AppPatch\AppPatch64\AcGenral.DLL
0x00007ff8b8db0000 - 0x00007ff8b8e57000 	C:\WINDOWS\system32\msvcrt.dll
0x00007ff8b8380000 - 0x00007ff8b83ab000 	C:\WINDOWS\SYSTEM32\SspiCli.dll
0x00007ff8b8e70000 - 0x00007ff8b8ec1000 	C:\WINDOWS\system32\SHLWAPI.dll
0x00007ff8b89f0000 - 0x00007ff8b8b61000 	C:\WINDOWS\system32\USER32.dll
0x00007ff8bac90000 - 0x00007ff8bae06000 	C:\WINDOWS\system32\ole32.dll
0x00007ff8b96e0000 - 0x00007ff8baaef000 	C:\WINDOWS\system32\SHELL32.dll
0x00007ff8b7f20000 - 0x00007ff8b7f3f000 	C:\WINDOWS\SYSTEM32\USERENV.dll
0x00007ff8b9260000 - 0x00007ff8b9305000 	C:\WINDOWS\system32\ADVAPI32.dll
0x00007ff8aed30000 - 0x00007ff8aed4b000 	C:\WINDOWS\SYSTEM32\MPR.dll
0x00007ff8b90c0000 - 0x00007ff8b91f6000 	C:\WINDOWS\system32\RPCRT4.dll
0x00007ff8b8d50000 - 0x00007ff8b8da7000 	C:\WINDOWS\SYSTEM32\sechost.dll
0x00007ff8b93c0000 - 0x00007ff8b9597000 	C:\WINDOWS\SYSTEM32\combase.dll
0x00007ff8baf60000 - 0x00007ff8bb0a5000 	C:\WINDOWS\system32\GDI32.dll
0x00007ff8b84d0000 - 0x00007ff8b84e4000 	C:\WINDOWS\SYSTEM32\profapi.dll
0x00007ff8b70c0000 - 0x00007ff8b7161000 	C:\WINDOWS\SYSTEM32\SHCORE.dll
0x00007ff8bb0b0000 - 0x00007ff8bb0e4000 	C:\WINDOWS\system32\IMM32.DLL
0x00007ff8bae10000 - 0x00007ff8baf48000 	C:\WINDOWS\system32\MSCTF.dll
0x00007ff8b6710000 - 0x00007ff8b696a000 	C:\WINDOWS\WinSxS\amd64_microsoft.windows.common-controls_6595b64144ccf1df_6.0.9600.16384_none_62475f7becb72503\COMCTL32.dll
0x000000005ed80000 - 0x000000005ee52000 	C:\Program Files\Java\jre8\bin\msvcr100.dll
0x000000005e1c0000 - 0x000000005e9ea000 	C:\Program Files\Java\jre8\bin\server\jvm.dll
0x00007ff8b5420000 - 0x00007ff8b5429000 	C:\WINDOWS\SYSTEM32\WSOCK32.dll
0x00007ff8b6970000 - 0x00007ff8b698f000 	C:\WINDOWS\SYSTEM32\WINMM.dll
0x00007ff8b8e60000 - 0x00007ff8b8e67000 	C:\WINDOWS\system32\PSAPI.DLL
0x00007ff8b8fa0000 - 0x00007ff8b8ff8000 	C:\WINDOWS\system32\WS2_32.dll
0x00007ff8b66a0000 - 0x00007ff8b66ca000 	C:\WINDOWS\SYSTEM32\WINMMBASE.dll
0x00007ff8b8f70000 - 0x00007ff8b8f79000 	C:\WINDOWS\system32\NSI.dll
0x00007ff8b8990000 - 0x00007ff8b89da000 	C:\WINDOWS\SYSTEM32\cfgmgr32.dll
0x00007ff8b7350000 - 0x00007ff8b7376000 	C:\WINDOWS\SYSTEM32\DEVOBJ.dll
0x000000005ed70000 - 0x000000005ed7f000 	C:\Program Files\Java\jre8\bin\verify.dll
0x000000005ed40000 - 0x000000005ed68000 	C:\Program Files\Java\jre8\bin\java.dll
0x000000005ed20000 - 0x000000005ed36000 	C:\Program Files\Java\jre8\bin\zip.dll

VM Arguments:
jvm_args: -Dfile.encoding=Cp1252 
java_command: com.games.numbercruncher.Main
java_class_path (initial): C:\EclipseWorkspace\GameWorkspace\GridSolver\bin
Launcher Type: SUN_STANDARD

Environment Variables:
PATH=C:\EclipseWorkspace\proguard4.11\proguard4.11\lib;C:\Windows\System32;C:\androidSDK\platform-tools;C:\Program Files\Java\jre7\bin;C:\Program Files\Java\jdk1.7.0_21\bin
USERNAME=Ketil
OS=Windows_NT
PROCESSOR_IDENTIFIER=Intel64 Family 6 Model 45 Stepping 7, GenuineIntel



---------------  S Y S T E M  ---------------

OS: Windows 8.1 , 64 bit Build 9600 

CPU:total 8 (4 cores per cpu, 2 threads per core) family 6 model 45 stepping 7, cmov, cx8, fxsr, mmx, sse, sse2, sse3, ssse3, sse4.1, sse4.2, popcnt, avx, aes, clmul, ht, tsc, tscinvbit

Memory: 4k page, physical 16728476k(6395696k free), swap 31438352k(1480k free)

vm_info: Java HotSpot(TM) 64-Bit Server VM (25.0-b61) for windows-amd64 JRE (1.8.0-ea-b119), built on Dec  5 2013 00:51:40 by "java_re" with MS VC++ 10.0 (VS2010)

time: Wed Jan 22 00:15:02 2014
elapsed time: 0 seconds

