#
# There is insufficient memory for the Java Runtime Environment to continue.
# Native memory allocation (malloc) failed to allocate 1048576 bytes for AllocateHeap
# Possible reasons:
#   The system is out of physical RAM or swap space
#   In 32 bit mode, the process size limit was hit
# Possible solutions:
#   Reduce memory load on the system
#   Increase physical memory or swap space
#   Check if swap backing store is full
#   Use 64 bit Java on a 64 bit OS
#   Decrease Java heap size (-Xmx/-Xms)
#   Decrease number of Java threads
#   Decrease Java thread stack sizes (-Xss)
#   Set larger code cache with -XX:ReservedCodeCacheSize=
# This output file may be truncated or incomplete.
#
#  Out of Memory Error (memory/allocation.inline.hpp:62), pid=51240, tid=21480
#
# JRE version:  (8.0-b119) (build )
# Java VM: Java HotSpot(TM) 64-Bit Server VM (25.0-b61 mixed mode windows-amd64 compressed oops)
# Failed to write core dump. Minidumps are not enabled by default on client versions of Windows
#

---------------  T H R E A D  ---------------

Current thread (0x000000000135e800):  JavaThread "Unknown thread" [_thread_in_vm, id=21480, stack(0x0000000002b10000,0x0000000002c10000)]

Stack: [0x0000000002b10000,0x0000000002c10000]
Native frames: (J=compiled Java code, j=interpreted, Vv=VM code, C=native code)
V  [jvm.dll+0x3088ca]
V  [jvm.dll+0x25d931]
V  [jvm.dll+0x25e54f]
V  [jvm.dll+0x255f55]
V  [jvm.dll+0x254faf]
V  [jvm.dll+0x3c6d0c]
V  [jvm.dll+0x3c26b7]
V  [jvm.dll+0xe1d62]
V  [jvm.dll+0x1f0ce9]
V  [jvm.dll+0x222244]
V  [jvm.dll+0x149ad1]
C  [javaw.exe+0x208a]
C  [javaw.exe+0xc9db]
C  [javaw.exe+0xca6f]
C  [KERNEL32.DLL+0x15cd]
C  [ntdll.dll+0x743d1]


---------------  P R O C E S S  ---------------

Java Threads: ( => current thread )

Other Threads:

=>0x000000000135e800 (exited) JavaThread "Unknown thread" [_thread_in_vm, id=21480, stack(0x0000000002b10000,0x0000000002c10000)]

VM state:not at safepoint (normal execution)

VM Mutex/Monitor currently owned by a thread: None

Heap:
 PSYoungGen      total 1024K, used 20K [0x000000076ae00000, 0x000000076af80000, 0x00000007c0000000)
  eden space 512K, 4% used [0x000000076ae00000,0x000000076ae05288,0x000000076ae80000)
  from space 512K, 0% used [0x000000076af00000,0x000000076af00000,0x000000076af80000)
  to   space 512K, 0% used [0x000000076ae80000,0x000000076ae80000,0x000000076af00000)
 ParOldGen       total 260608K, used 0K [0x00000006c0a00000, 0x00000006d0880000, 0x000000076ae00000)
  object space 260608K, 0% used [0x00000006c0a00000,0x00000006c0a00000,0x00000006d0880000)
 Metaspace       used 652K, capacity 4480K, committed 4480K, reserved 1056768K
  class space    used 66K, capacity 384K, committed 384K, reserved 1048576K

Card table byte_map: [0x00000000120d0000,0x00000000128d0000] byte_map_base: 0x000000000eacb000

Marking Bits: (ParMarkBitMap*) 0x000000005e971370
 Begin Bits: [0x0000000013630000, 0x0000000017608000)
 End Bits:   [0x0000000017608000, 0x000000001b5e0000)

Polling page: 0x0000000001290000

CodeCache: size=245760Kb used=327Kb max_used=327Kb free=245432Kb
 bounds [0x0000000002d10000, 0x0000000002f80000, 0x0000000011d10000]
 total_blobs=56 nmethods=0 adapters=37
 compilation: enabled

Compilation events (0 events):
No events

GC Heap History (0 events):
No events

Deoptimization events (0 events):
No events

Internal exceptions (0 events):
No events

Events (10 events):
Event: 0.017 loading class java/lang/Short
Event: 0.017 loading class java/lang/Short done
Event: 0.017 loading class java/lang/Integer
Event: 0.017 loading class java/lang/Integer done
Event: 0.017 loading class java/lang/Long
Event: 0.017 loading class java/lang/Long done
Event: 0.018 loading class java/lang/NullPointerException
Event: 0.018 loading class java/lang/NullPointerException done
Event: 0.018 loading class java/lang/ArithmeticException
Event: 0.018 loading class java/lang/ArithmeticException done


Dynamic libraries:
0x00007ff7496c0000 - 0x00007ff7496f4000 	C:\Program Files\Java\jre8\bin\javaw.exe
0x00007ff8bb150000 - 0x00007ff8bb2f9000 	C:\WINDOWS\SYSTEM32\ntdll.dll
0x00007ff8b95a0000 - 0x00007ff8b96d9000 	C:\WINDOWS\system32\KERNEL32.DLL
0x00007ff8b8780000 - 0x00007ff8b888e000 	C:\WINDOWS\system32\KERNELBASE.dll
0x00007ff8b7030000 - 0x00007ff8b70bb000 	C:\WINDOWS\system32\apphelp.dll
0x00007ff8adb60000 - 0x00007ff8adbaf000 	C:\WINDOWS\AppPatch\AppPatch64\AcGenral.DLL
0x00007ff8b8db0000 - 0x00007ff8b8e57000 	C:\WINDOWS\system32\msvcrt.dll
0x00007ff8b8380000 - 0x00007ff8b83ab000 	C:\WINDOWS\SYSTEM32\SspiCli.dll
0x00007ff8b8e70000 - 0x00007ff8b8ec1000 	C:\WINDOWS\system32\SHLWAPI.dll
0x00007ff8b89f0000 - 0x00007ff8b8b61000 	C:\WINDOWS\system32\USER32.dll
0x00007ff8bac90000 - 0x00007ff8bae06000 	C:\WINDOWS\system32\ole32.dll
0x00007ff8b96e0000 - 0x00007ff8baaef000 	C:\WINDOWS\system32\SHELL32.dll
0x00007ff8b7f20000 - 0x00007ff8b7f3f000 	C:\WINDOWS\SYSTEM32\USERENV.dll
0x00007ff8b9260000 - 0x00007ff8b9305000 	C:\WINDOWS\system32\ADVAPI32.dll
0x00007ff8aed30000 - 0x00007ff8aed4b000 	C:\WINDOWS\SYSTEM32\MPR.dll
0x00007ff8b90c0000 - 0x00007ff8b91f6000 	C:\WINDOWS\system32\RPCRT4.dll
0x00007ff8b8d50000 - 0x00007ff8b8da7000 	C:\WINDOWS\SYSTEM32\sechost.dll
0x00007ff8b93c0000 - 0x00007ff8b9597000 	C:\WINDOWS\SYSTEM32\combase.dll
0x00007ff8baf60000 - 0x00007ff8bb0a5000 	C:\WINDOWS\system32\GDI32.dll
0x00007ff8b84d0000 - 0x00007ff8b84e4000 	C:\WINDOWS\SYSTEM32\profapi.dll
0x00007ff8b70c0000 - 0x00007ff8b7161000 	C:\WINDOWS\SYSTEM32\SHCORE.dll
0x00007ff8bb0b0000 - 0x00007ff8bb0e4000 	C:\WINDOWS\system32\IMM32.DLL
0x00007ff8bae10000 - 0x00007ff8baf48000 	C:\WINDOWS\system32\MSCTF.dll
0x00007ff8b6710000 - 0x00007ff8b696a000 	C:\WINDOWS\WinSxS\amd64_microsoft.windows.common-controls_6595b64144ccf1df_6.0.9600.16384_none_62475f7becb72503\COMCTL32.dll
0x000000005ed80000 - 0x000000005ee52000 	C:\Program Files\Java\jre8\bin\msvcr100.dll
0x000000005e1c0000 - 0x000000005e9ea000 	C:\Program Files\Java\jre8\bin\server\jvm.dll
0x00007ff8b5420000 - 0x00007ff8b5429000 	C:\WINDOWS\SYSTEM32\WSOCK32.dll
0x00007ff8b6970000 - 0x00007ff8b698f000 	C:\WINDOWS\SYSTEM32\WINMM.dll
0x00007ff8b8e60000 - 0x00007ff8b8e67000 	C:\WINDOWS\system32\PSAPI.DLL
0x00007ff8b8fa0000 - 0x00007ff8b8ff8000 	C:\WINDOWS\system32\WS2_32.dll
0x00007ff8b66a0000 - 0x00007ff8b66ca000 	C:\WINDOWS\SYSTEM32\WINMMBASE.dll
0x00007ff8b8f70000 - 0x00007ff8b8f79000 	C:\WINDOWS\system32\NSI.dll
0x00007ff8b8990000 - 0x00007ff8b89da000 	C:\WINDOWS\SYSTEM32\cfgmgr32.dll
0x00007ff8b7350000 - 0x00007ff8b7376000 	C:\WINDOWS\SYSTEM32\DEVOBJ.dll
0x000000005ed70000 - 0x000000005ed7f000 	C:\Program Files\Java\jre8\bin\verify.dll
0x000000005ed40000 - 0x000000005ed68000 	C:\Program Files\Java\jre8\bin\java.dll
0x000000005ed20000 - 0x000000005ed36000 	C:\Program Files\Java\jre8\bin\zip.dll
0x00007ff8ab610000 - 0x00007ff8ab798000 	C:\WINDOWS\SYSTEM32\dbghelp.dll

VM Arguments:
jvm_args: -Dfile.encoding=Cp1252 
java_command: com.games.numbercruncher.Main
java_class_path (initial): C:\EclipseWorkspace\GameWorkspace\GridSolver\bin
Launcher Type: SUN_STANDARD

Environment Variables:
PATH=C:\EclipseWorkspace\proguard4.11\proguard4.11\lib;C:\Windows\System32;C:\androidSDK\platform-tools;C:\Program Files\Java\jre7\bin;C:\Program Files\Java\jdk1.7.0_21\bin
USERNAME=Ketil
OS=Windows_NT
PROCESSOR_IDENTIFIER=Intel64 Family 6 Model 45 Stepping 7, GenuineIntel



---------------  S Y S T E M  ---------------

OS: Windows 8.1 , 64 bit Build 9600 

CPU:total 8 (4 cores per cpu, 2 threads per core) family 6 model 45 stepping 7, cmov, cx8, fxsr, mmx, sse, sse2, sse3, ssse3, sse4.1, sse4.2, popcnt, avx, aes, clmul, ht, tsc, tscinvbit

Memory: 4k page, physical 16728476k(7395728k free), swap 31445288k(5696k free)

vm_info: Java HotSpot(TM) 64-Bit Server VM (25.0-b61) for windows-amd64 JRE (1.8.0-ea-b119), built on Dec  5 2013 00:51:40 by "java_re" with MS VC++ 10.0 (VS2010)

time: Wed Jan 22 00:15:47 2014
elapsed time: 0 seconds

